<?xml version="1.0" encoding="UTF-8"?>
<!-- Generated by org.testng.reporters.JUnitReportReporter -->
<testsuite hostname="HP" failures="0" tests="1" name="com.utility.BaseClass" time="11.950" errors="0" timestamp="2023-12-30T14:18:50 IST" skipped="0">
  <testcase classname="com.utility.BaseClass" name="setup" time="11.950"/>
</testsuite> <!-- com.utility.BaseClass -->
