<?xml version="1.0" encoding="UTF-8"?>
<!-- Generated by org.testng.reporters.JUnitReportReporter -->
<testsuite hostname="HP" failures="0" tests="2" name="testclass.registerTest" time="23.529" errors="0" timestamp="2023-12-30T15:39:01 IST" skipped="0">
  <testcase classname="testclass.registerTest" name="validverifytest" time="11.582"/>
  <testcase classname="testclass.registerTest" name="invalidverifytest" time="11.947"/>
</testsuite> <!-- testclass.registerTest -->
