<?xml version="1.0" encoding="UTF-8"?>
<!-- Generated by org.testng.reporters.JUnitReportReporter -->
<testsuite hostname="HP" failures="0" tests="2" name="testclass.registerTest" time="24.167" errors="0" timestamp="2023-12-31T12:00:40 IST" skipped="0">
  <testcase classname="testclass.registerTest" name="validverifytest" time="12.642"/>
  <testcase classname="testclass.registerTest" name="invalidverifytest" time="11.525"/>
</testsuite> <!-- testclass.registerTest -->
